Using pre-set license
Built from '2020.3/staging' branch; Version is '2020.3.19f1 (68f137dc9bbe) revision 6877495'; Using compiler version '192528614'; Build Type 'Release'
OS: 'Windows 10 Home; OS build 19043.1288; Version 2009; 64bit' Language: 'ru' Physical Memory: 16348 MB
BatchMode: 1, IsHumanControllingUs: 0, StartBugReporterOnCrash: 0, Is64bit: 1, IsPro: 0

COMMAND LINE ARGUMENTS:
D:\Programs\2020.3.19f1\Editor\Unity.exe
-adb2
-batchMode
-noUpm
-name
AssetImportWorker0
-projectPath
D:/Programming/Unity Projects/Two Towers
-logFile
Logs/AssetImportWorker0.log
-srvPort
52664
Successfully changed project path to: D:/Programming/Unity Projects/Two Towers
D:/Programming/Unity Projects/Two Towers
Using Asset Import Pipeline V2.
Refreshing native plugins compatible for Editor in 36.19 ms, found 3 plugins.
Preloading 0 native plugins for Editor in 0.00 ms.
Initialize engine version: 2020.3.19f1 (68f137dc9bbe)
[Subsystems] Discovering subsystems at path D:/Programs/2020.3.19f1/Editor/Data/Resources/UnitySubsystems
[Subsystems] Discovering subsystems at path D:/Programming/Unity Projects/Two Towers/Assets
GfxDevice: creating device client; threaded=0
Direct3D:
    Version:  Direct3D 11.0 [level 11.1]
    Renderer: NVIDIA GeForce GTX 1080 (ID=0x1b80)
    Vendor:   
    VRAM:     8079 MB
    Driver:   27.21.14.5671
Initialize mono
Mono path[0] = 'D:/Programs/2020.3.19f1/Editor/Data/Managed'
Mono path[1] = 'D:/Programs/2020.3.19f1/Editor/Data/MonoBleedingEdge/lib/mono/unityjit'
Mono config path = 'D:/Programs/2020.3.19f1/Editor/Data/MonoBleedingEdge/etc'
Using monoOptions --debugger-agent=transport=dt_socket,embedding=1,server=y,suspend=n,address=127.0.0.1:56476
Begin MonoManager ReloadAssembly
Registering precompiled unity dll's ...
Register platform support module: D:/Programs/2020.3.19f1/Editor/Data/PlaybackEngines/WindowsStandaloneSupport/UnityEditor.WindowsStandalone.Extensions.dll
Registered in 0.000988 seconds.
Native extension for WindowsStandalone target not found
Refreshing native plugins compatible for Editor in 37.04 ms, found 3 plugins.
Preloading 0 native plugins for Editor in 0.00 ms.
Mono: successfully reloaded assembly
- Completed reload, in  0.955 seconds
Domain Reload Profiling:
	ReloadAssembly (955ms)
		BeginReloadAssembly (41ms)
			ExecutionOrderSort (0ms)
			DisableScriptedObjects (0ms)
			BackupInstance (0ms)
			ReleaseScriptingObjects (0ms)
			CreateAndSetChildDomain (1ms)
		EndReloadAssembly (454ms)
			LoadAssemblies (41ms)
			RebuildTransferFunctionScriptingTraits (0ms)
			SetupTypeCache (231ms)
			ReleaseScriptCaches (0ms)
			RebuildScriptCaches (25ms)
			SetupLoadedEditorAssemblies (143ms)
				LogAssemblyErrors (0ms)
				InitializePlatformSupportModulesInManaged (3ms)
				SetLoadedEditorAssemblies (0ms)
				RefreshPlugins (37ms)
				BeforeProcessingInitializeOnLoad (13ms)
				ProcessInitializeOnLoadAttributes (62ms)
				ProcessInitializeOnLoadMethodAttributes (27ms)
				AfterProcessingInitializeOnLoad (0ms)
				EditorAssembliesLoaded (0ms)
			ExecutionOrderSort2 (0ms)
			AwakeInstancesAfterBackupRestoration (0ms)
Platform modules already initialized, skipping
Registering precompiled user dll's ...
Registered in 0.002362 seconds.
Begin MonoManager ReloadAssembly
Native extension for WindowsStandalone target not found
Refreshing native plugins compatible for Editor in 35.83 ms, found 3 plugins.
Preloading 0 native plugins for Editor in 0.00 ms.
Mono: successfully reloaded assembly
- Completed reload, in  1.040 seconds
Domain Reload Profiling:
	ReloadAssembly (1041ms)
		BeginReloadAssembly (115ms)
			ExecutionOrderSort (0ms)
			DisableScriptedObjects (4ms)
			BackupInstance (0ms)
			ReleaseScriptingObjects (0ms)
			CreateAndSetChildDomain (15ms)
		EndReloadAssembly (881ms)
			LoadAssemblies (70ms)
			RebuildTransferFunctionScriptingTraits (0ms)
			SetupTypeCache (242ms)
			ReleaseScriptCaches (0ms)
			RebuildScriptCaches (38ms)
			SetupLoadedEditorAssemblies (430ms)
				LogAssemblyErrors (0ms)
				InitializePlatformSupportModulesInManaged (3ms)
				SetLoadedEditorAssemblies (0ms)
				RefreshPlugins (36ms)
				BeforeProcessingInitializeOnLoad (58ms)
				ProcessInitializeOnLoadAttributes (319ms)
				ProcessInitializeOnLoadMethodAttributes (12ms)
				AfterProcessingInitializeOnLoad (2ms)
				EditorAssembliesLoaded (0ms)
			ExecutionOrderSort2 (0ms)
			AwakeInstancesAfterBackupRestoration (6ms)
Platform modules already initialized, skipping
========================================================================
Worker process is ready to serve import requests
Launched and connected shader compiler UnityShaderCompiler.exe after 0.08 seconds
Refreshing native plugins compatible for Editor in 0.48 ms, found 3 plugins.
Preloading 0 native plugins for Editor in 0.00 ms.
Unloading 2138 Unused Serialized files (Serialized files now loaded: 0)
System memory in use before: 96.5 MB.
System memory in use after: 96.6 MB.

Unloading 27 unused Assets to reduce memory usage. Loaded Objects now: 2582.
Total: 2.805600 ms (FindLiveObjects: 0.165900 ms CreateObjectMapping: 0.069200 ms MarkObjects: 2.508600 ms  DeleteObjects: 0.061100 ms)

AssetImportParameters requested are different than current active one (requested -> active):
  custom:framework-win-MediaFoundation: 216162199b28c13a410421893ffa2e32 -> 
  custom:video-decoder-ogg-theora: a1e56fd34408186e4bbccfd4996cb3dc -> 
  custom:container-muxer-webm: aa71ff27fc2769a1b78a27578f13a17b -> 
  custom:container-demuxer-webm: 4f35f7cbe854078d1ac9338744f61a02 -> 
  custom:container-demuxer-ogg: 62fdf1f143b41e24485cea50d1cbac27 -> 
  custom:video-encoder-webm-vp8: eb34c28f22e8b96e1ab97ce403110664 -> 
  custom:video-decoder-webm-vp8: 9c59270c3fd7afecdb556c50c9e8de78 -> 
  custom:audio-decoder-ogg-vorbis: bf7c407c2cedff20999df2af8eb42d56 -> 
  custom:audio-encoder-webm-vorbis: bf7c407c2cedff20999df2af8eb42d56 -> 
========================================================================
Received Import Request.
  path: Assets/Sprites/UI/SaveSlotSeletcor 1.png
  artifactKey: Guid(f7bfcea09f2e7a9428dd5541e8bb9a76) Importer(815301076,1909f56bfc062723c751e8b465ee728b)
Start importing Assets/Sprites/UI/SaveSlotSeletcor 1.png using Guid(f7bfcea09f2e7a9428dd5541e8bb9a76) Importer(815301076,1909f56bfc062723c751e8b465ee728b)  -> (artifact id: 'ee005b9b4acc98203f3aef6e044d9206') in 0.116188 seconds 
  Import took 0.118864 seconds .

========================================================================
Received Import Request.
  Time since last request: 44.006151 seconds.
  path: Assets/Sprites/UI/SaveSlotSeletcor 2.png
  artifactKey: Guid(ec1aabeb94b1dda4b801ed3b70622e63) Importer(815301076,1909f56bfc062723c751e8b465ee728b)
Start importing Assets/Sprites/UI/SaveSlotSeletcor 2.png using Guid(ec1aabeb94b1dda4b801ed3b70622e63) Importer(815301076,1909f56bfc062723c751e8b465ee728b)  -> (artifact id: 'd5008be2c78b7c2e017c73700cdb093e') in 0.013892 seconds 
  Import took 0.017053 seconds .

========================================================================
Received Import Request.
  Time since last request: 372.055259 seconds.
  path: Assets/Sprites/UI/SaveSlotSeletcor 2.png
  artifactKey: Guid(ec1aabeb94b1dda4b801ed3b70622e63) Importer(815301076,1909f56bfc062723c751e8b465ee728b)
Start importing Assets/Sprites/UI/SaveSlotSeletcor 2.png using Guid(ec1aabeb94b1dda4b801ed3b70622e63) Importer(815301076,1909f56bfc062723c751e8b465ee728b)  -> (artifact id: '49a131b45f3645d2297aad835855cc21') in 0.015943 seconds 
  Import took 0.019384 seconds .

========================================================================
Received Import Request.
  Time since last request: 4.141188 seconds.
  path: Assets/Sprites/UI/SaveSlotSeletcor 1.png
  artifactKey: Guid(f7bfcea09f2e7a9428dd5541e8bb9a76) Importer(815301076,1909f56bfc062723c751e8b465ee728b)
Start importing Assets/Sprites/UI/SaveSlotSeletcor 1.png using Guid(f7bfcea09f2e7a9428dd5541e8bb9a76) Importer(815301076,1909f56bfc062723c751e8b465ee728b)  -> (artifact id: '7114c110ed2a658c4fc6e32666f9c95a') in 0.010920 seconds 
  Import took 0.015026 seconds .

========================================================================
Received Import Request.
  Time since last request: 9.211608 seconds.
  path: Assets/Sprites/UI/SaveSlotSeletcor 2.png
  artifactKey: Guid(ec1aabeb94b1dda4b801ed3b70622e63) Importer(815301076,1909f56bfc062723c751e8b465ee728b)
Start importing Assets/Sprites/UI/SaveSlotSeletcor 2.png using Guid(ec1aabeb94b1dda4b801ed3b70622e63) Importer(815301076,1909f56bfc062723c751e8b465ee728b)  -> (artifact id: '9c2855296c81b682b9a8576a38f2b935') in 0.012059 seconds 
  Import took 0.015138 seconds .

========================================================================
Received Import Request.
  Time since last request: 7.280121 seconds.
  path: Assets/Sprites/UI/SaveSlotSeletcor 2.png
  artifactKey: Guid(ec1aabeb94b1dda4b801ed3b70622e63) Importer(815301076,1909f56bfc062723c751e8b465ee728b)
Start importing Assets/Sprites/UI/SaveSlotSeletcor 2.png using Guid(ec1aabeb94b1dda4b801ed3b70622e63) Importer(815301076,1909f56bfc062723c751e8b465ee728b)  -> (artifact id: '63b094fc363f3c5831ca985c4a82b8dc') in 0.009424 seconds 
  Import took 0.012437 seconds .

========================================================================
Received Import Request.
  Time since last request: 138.687511 seconds.
  path: Assets/Prefabs/UI/Unit Button.prefab
  artifactKey: Guid(dd1a8dfb7d4ecd64e9ffa65a09d8cd28) Importer(815301076,1909f56bfc062723c751e8b465ee728b)
Start importing Assets/Prefabs/UI/Unit Button.prefab using Guid(dd1a8dfb7d4ecd64e9ffa65a09d8cd28) Importer(815301076,1909f56bfc062723c751e8b465ee728b)  -> (artifact id: '896dd75da7c89e016af078f410a4d699') in 0.079000 seconds 
  Import took 0.082117 seconds .

========================================================================
Received Import Request.
  Time since last request: 795.298316 seconds.
  path: Assets/Sprites/UI/UI.png
  artifactKey: Guid(55f14061c2690914893372716905fc39) Importer(815301076,1909f56bfc062723c751e8b465ee728b)
Start importing Assets/Sprites/UI/UI.png using Guid(55f14061c2690914893372716905fc39) Importer(815301076,1909f56bfc062723c751e8b465ee728b)  -> (artifact id: '0a59560d8564a2c9da8e74d38f779c68') in 0.022526 seconds 
  Import took 0.025983 seconds .

========================================================================
Received Import Request.
  Time since last request: 6.643985 seconds.
  path: Assets/Sprites/UI/UI.png
  artifactKey: Guid(55f14061c2690914893372716905fc39) Importer(815301076,1909f56bfc062723c751e8b465ee728b)
Start importing Assets/Sprites/UI/UI.png using Guid(55f14061c2690914893372716905fc39) Importer(815301076,1909f56bfc062723c751e8b465ee728b)  -> (artifact id: '7afc02f09fab4cb6cc4c574e07d6862d') in 0.010556 seconds 
  Import took 0.013718 seconds .

========================================================================
Received Import Request.
  Time since last request: 32.145733 seconds.
  path: Assets/Sprites/UI/UI.png
  artifactKey: Guid(55f14061c2690914893372716905fc39) Importer(815301076,1909f56bfc062723c751e8b465ee728b)
Start importing Assets/Sprites/UI/UI.png using Guid(55f14061c2690914893372716905fc39) Importer(815301076,1909f56bfc062723c751e8b465ee728b)  -> (artifact id: '846df509901e070abd68f68723778d39') in 0.018116 seconds 
  Import took 0.021067 seconds .

========================================================================
Received Import Request.
  Time since last request: 200.144617 seconds.
  path: Assets/Prefabs/UI/Unit Button.prefab
  artifactKey: Guid(dd1a8dfb7d4ecd64e9ffa65a09d8cd28) Importer(815301076,1909f56bfc062723c751e8b465ee728b)
Start importing Assets/Prefabs/UI/Unit Button.prefab using Guid(dd1a8dfb7d4ecd64e9ffa65a09d8cd28) Importer(815301076,1909f56bfc062723c751e8b465ee728b)  -> (artifact id: '5a3a8b93c0067f313557dca3ab7b8529') in 0.025836 seconds 
  Import took 0.029316 seconds .

========================================================================
Received Import Request.
  Time since last request: 43.246287 seconds.
  path: Assets/Prefabs/UI/Unit Button.prefab
  artifactKey: Guid(dd1a8dfb7d4ecd64e9ffa65a09d8cd28) Importer(815301076,1909f56bfc062723c751e8b465ee728b)
Start importing Assets/Prefabs/UI/Unit Button.prefab using Guid(dd1a8dfb7d4ecd64e9ffa65a09d8cd28) Importer(815301076,1909f56bfc062723c751e8b465ee728b)  -> (artifact id: 'cddbfd0eb59e3d0c44a366e240abc026') in 0.020904 seconds 
  Import took 0.024083 seconds .

AssetImportWorkerClient::OnTransportError - code=2 error=End of file
